<?xml version="1.0" encoding="UTF-8"?>
<testng-results ignored="0" total="1" passed="1" failed="0" skipped="0">
  <reporter-output>
  </reporter-output>
  <suite started-at="2021-10-31T13:37:26 IST" name="Default suite" finished-at="2021-10-31T13:37:32 IST" duration-ms="6041">
    <groups>
    </groups>
    <test started-at="2021-10-31T13:37:26 IST" name="Default test" finished-at="2021-10-31T13:37:32 IST" duration-ms="6041">
      <class name="com.qa.code.TC_DELETE_005">
        <test-method signature="TC_005()[pri:0, instance:com.qa.code.TC_DELETE_005@4e268090]" started-at="2021-10-31T13:37:26 IST" name="TC_005" finished-at="2021-10-31T13:37:32 IST" duration-ms="5951" status="PASS">
          <reporter-output>
          </reporter-output>
        </test-method> <!-- TC_005 -->
      </class> <!-- com.qa.code.TC_DELETE_005 -->
    </test> <!-- Default test -->
  </suite> <!-- Default suite -->
</testng-results>
